2021/09/16 17:13:55 [INFO] Terraform version: 0.14.6  
2021/09/16 17:13:55 [INFO] Go runtime version: go1.15.6
2021/09/16 17:13:55 [INFO] CLI args: []string{"/usr/local/bin/terraform", "state", "pull"}
2021/09/16 17:13:55 [DEBUG] Attempting to open CLI config file: /home/vscode/.terraformrc
2021/09/16 17:13:55 [DEBUG] File doesn't exist, but doesn't need to. Ignoring.
2021/09/16 17:13:55 [DEBUG] ignoring non-existing provider search directory terraform.d/plugins
2021/09/16 17:13:55 [DEBUG] ignoring non-existing provider search directory /home/vscode/.terraform.d/plugins
2021/09/16 17:13:55 [DEBUG] ignoring non-existing provider search directory /home/vscode/.local/share/terraform/plugins
2021/09/16 17:13:55 [DEBUG] ignoring non-existing provider search directory /usr/local/share/terraform/plugins
2021/09/16 17:13:55 [DEBUG] ignoring non-existing provider search directory /usr/share/terraform/plugins
2021/09/16 17:13:55 [INFO] CLI command args: []string{"state", "pull"}
2021/09/16 17:13:55 [TRACE] Meta.Backend: BackendOpts.Config not set, so using settings loaded from main.tf:20,3-20
2021/09/16 17:13:55 [TRACE] Meta.Backend: built configuration for "azurerm" backend with hash value 1579948698
2021/09/16 17:13:55 [TRACE] Preserving existing state lineage "39bf97a4-64a0-518a-8ded-064970b9229e"
2021/09/16 17:13:55 [TRACE] Preserving existing state lineage "39bf97a4-64a0-518a-8ded-064970b9229e"
2021/09/16 17:13:55 [TRACE] Meta.Backend: working directory was previously initialized for "azurerm" backend
2021/09/16 17:13:55 [TRACE] Meta.Backend: using already-initialized, unchanged "azurerm" backend configuration
2021/09/16 17:13:55 [TRACE] Meta.Backend: instantiated backend of type *azure.Backend
2021/09/16 17:13:55 [TRACE] providercache.fillMetaCache: scanning directory /home/vscode/.terraform.cache/L1_blueprint_base.dev/providers
2021/09/16 17:13:55 [TRACE] getproviders.SearchLocalDirectory: /home/vscode/.terraform.cache/L1_blueprint_base.dev/providers is a symlink to /home/vscode/.terraform.cache/L1_blueprint_base.dev/providers
2021/09/16 17:13:55 [TRACE] getproviders.SearchLocalDirectory: found registry.terraform.io/aztfmod/azurecaf v0.4.3 for linux_amd64 at /home/vscode/.terraform.cache/L1_blueprint_base.dev/providers/registry.terraform.io/aztfmod/azurecaf/0.4.3/linux_amd64
2021/09/16 17:13:55 [TRACE] getproviders.SearchLocalDirectory: found registry.terraform.io/hashicorp/azuread v0.11.0 for linux_amd64 at /home/vscode/.terraform.cache/L1_blueprint_base.dev/providers/registry.terraform.io/hashicorp/azuread/0.11.0/linux_amd64
2021/09/16 17:13:55 [TRACE] getproviders.SearchLocalDirectory: found registry.terraform.io/hashicorp/azurerm v2.19.0 for linux_amd64 at /home/vscode/.terraform.cache/L1_blueprint_base.dev/providers/registry.terraform.io/hashicorp/azurerm/2.19.0/linux_amd64
2021/09/16 17:13:55 [TRACE] getproviders.SearchLocalDirectory: found registry.terraform.io/hashicorp/time v0.6.0 for linux_amd64 at /home/vscode/.terraform.cache/L1_blueprint_base.dev/providers/registry.terraform.io/hashicorp/time/0.6.0/linux_amd64
2021/09/16 17:13:55 [TRACE] getproviders.SearchLocalDirectory: found registry.terraform.io/hashicorp/time v0.7.2 for linux_amd64 at /home/vscode/.terraform.cache/L1_blueprint_base.dev/providers/registry.terraform.io/hashicorp/time/0.7.2/linux_amd64
2021/09/16 17:13:55 [TRACE] providercache.fillMetaCache: including /home/vscode/.terraform.cache/L1_blueprint_base.dev/providers/registry.terraform.io/aztfmod/azurecaf/0.4.3/linux_amd64 as a candidate package for registry.terraform.io/aztfmod/azurecaf 0.4.3
2021/09/16 17:13:55 [TRACE] providercache.fillMetaCache: including /home/vscode/.terraform.cache/L1_blueprint_base.dev/providers/registry.terraform.io/hashicorp/azuread/0.11.0/linux_amd64 as a candidate package for registry.terraform.io/hashicorp/azuread 0.11.0
2021/09/16 17:13:55 [TRACE] providercache.fillMetaCache: including /home/vscode/.terraform.cache/L1_blueprint_base.dev/providers/registry.terraform.io/hashicorp/azurerm/2.19.0/linux_amd64 as a candidate package for registry.terraform.io/hashicorp/azurerm 2.19.0
2021/09/16 17:13:55 [TRACE] providercache.fillMetaCache: including /home/vscode/.terraform.cache/L1_blueprint_base.dev/providers/registry.terraform.io/hashicorp/time/0.6.0/linux_amd64 as a candidate package for registry.terraform.io/hashicorp/time 0.6.0
2021/09/16 17:13:55 [TRACE] providercache.fillMetaCache: including /home/vscode/.terraform.cache/L1_blueprint_base.dev/providers/registry.terraform.io/hashicorp/time/0.7.2/linux_amd64 as a candidate package for registry.terraform.io/hashicorp/time 0.7.2
2021/09/16 17:13:55 [TRACE] providercache.fillMetaCache: using cached result from previous scan of /home/vscode/.terraform.cache/L1_blueprint_base.dev/providers
2021/09/16 17:13:55 [TRACE] providercache.fillMetaCache: using cached result from previous scan of /home/vscode/.terraform.cache/L1_blueprint_base.dev/providers
2021/09/16 17:13:56 [TRACE] providercache.fillMetaCache: using cached result from previous scan of /home/vscode/.terraform.cache/L1_blueprint_base.dev/providers
2021/09/16 17:13:56 [DEBUG] checking for provisioner in "."
2021/09/16 17:13:56 [DEBUG] checking for provisioner in "/usr/local/bin"
2021/09/16 17:13:56 [INFO] Failed to read plugin lock file /home/vscode/.terraform.cache/L1_blueprint_base.dev/plugins/linux_amd64/lock.json: open /home/vscode/.terraform.cache/L1_blueprint_base.dev/plugins/linux_amd64/lock.json: no such file or directory
2021/09/16 17:13:56 [TRACE] Meta.Backend: backend *azure.Backend does not support operations, so wrapping it in a local backend
panic: runtime error: invalid memory address or nil pointer dereference
[signal SIGSEGV: segmentation violation code=0x1 addr=0x10 pc=0x139b55a]

goroutine 1 [running]:
github.com/hashicorp/terraform/backend/remote-state/azure.(*RemoteClient).Get(0xc00031cff0, 0x40a25f, 0xc00003a000, 0xc00005c0cc)
	/home/circleci/project/project/backend/remote-state/azure/client.go:42 +0x17a
github.com/hashicorp/terraform/states/remote.(*State).refreshState(0xc0004f5920, 0x7, 0x25a7200)
	/home/circleci/project/project/states/remote/state.go:111 +0x38
github.com/hashicorp/terraform/states/remote.(*State).RefreshState(0xc0004f5920, 0x0, 0x0)
	/home/circleci/project/project/states/remote/state.go:104 +0x6c
github.com/hashicorp/terraform/command.(*StatePullCommand).Run(0xc0002a9c00, 0xc0000b8160, 0x0, 0x0, 0xc0006f2310)
	/home/circleci/project/project/command/state_pull.go:48 +0x369
github.com/mitchellh/cli.(*CLI).Run(0xc000641540, 0xc000641540, 0xc00052bd48, 0x1)
	/go/pkg/mod/github.com/mitchellh/cli@v1.1.0/cli.go:260 +0x1cf
main.wrappedMain(0x0)
	/home/circleci/project/project/main.go:304 +0xe65
main.realMain(0x0)
	/home/circleci/project/project/main.go:106 +0xf1
main.main()
	/home/circleci/project/project/main.go:42 +0x3a
